<?xml version="1.0" encoding="UTF-8"?>
<!-- Generated by org.testng.reporters.JUnitReportReporter -->
<testsuite hostname="DESKTOP-KSTJK7A" failures="0" tests="2" name="tests.CustomerLoginAndLogoutTest" time="1.748" errors="0" timestamp="2023-03-16T17:30:35 EET" skipped="0">
  <testcase classname="tests.CustomerLoginAndLogoutTest" name="customerCanLogin" time="1.607"/>
  <system-out/>
  <testcase classname="tests.CustomerLoginAndLogoutTest" name="CustomerCanLogout" time="0.141"/>
  <system-out/>
</testsuite> <!-- tests.CustomerLoginAndLogoutTest -->
