<?xml version="1.0" encoding="UTF-8"?>
<!-- Generated by org.testng.reporters.JUnitReportReporter -->
<testsuite hostname="DESKTOP-KSTJK7A" failures="0" tests="1" name="tests.ManagerOpenAccountTest" time="3.004" errors="0" timestamp="2023-03-17T23:19:56 EET" skipped="0">
  <testcase classname="tests.ManagerOpenAccountTest" name="managerCanOpenAccount" time="3.004"/>
  <system-out/>
</testsuite> <!-- tests.ManagerOpenAccountTest -->
