<?xml version="1.0" encoding="UTF-8"?>
<!-- Generated by org.testng.reporters.JUnitReportReporter -->
<testsuite hostname="DESKTOP-KSTJK7A" failures="0" tests="1" name="tests.CustomersTest" time="2.247" errors="0" timestamp="2023-03-18T00:33:29 EET" skipped="0">
  <testcase classname="tests.CustomersTest" name="managerCanDeleteCustomers" time="2.247"/>
  <system-out/>
</testsuite> <!-- tests.CustomersTest -->
