<?xml version="1.0" encoding="UTF-8"?>
<!-- Generated by org.testng.reporters.JUnitReportReporter -->
<testsuite hostname="DESKTOP-KSTJK7A" failures="0" tests="1" name="tests.ManagerAddCustomerTest" time="2.584" errors="0" timestamp="2023-03-17T16:52:18 EET" skipped="0">
  <testcase classname="tests.ManagerAddCustomerTest" name="managerCanAddCustomer" time="2.584"/>
  <system-out/>
</testsuite> <!-- tests.ManagerAddCustomerTest -->
