<?xml version="1.0" encoding="UTF-8"?>
<!-- Generated by org.testng.reporters.JUnitReportReporter -->
<testsuite hostname="DESKTOP-KSTJK7A" failures="0" tests="3" name="tests.CustomerWithdrawlTest" time="3.153" errors="0" timestamp="2023-03-17T14:58:13 EET" skipped="0">
  <testcase classname="tests.CustomerWithdrawlTest" name="customerCanLogin" time="1.829"/>
  <system-out/>
  <testcase classname="tests.CustomerWithdrawlTest" name="customerCanDeposit" time="0.679"/>
  <system-out/>
  <testcase classname="tests.CustomerWithdrawlTest" name="customerCanWithdrawl" time="0.645"/>
  <system-out/>
</testsuite> <!-- tests.CustomerWithdrawlTest -->
